<?xml version="1.0" encoding="UTF-8"?>
<testng-results total="1" passed="1" failed="0" skipped="0">
  <reporter-output>
  </reporter-output>
  <suite started-at="2023-06-02T07:06:46Z" name="Default suite" finished-at="2023-06-02T07:07:09Z" duration-ms="23070">
    <groups>
    </groups>
    <test started-at="2023-06-02T07:06:46Z" name="Default test" finished-at="2023-06-02T07:07:09Z" duration-ms="23070">
      <class name="com.testNG.Task73">
        <test-method is-config="true" signature="openUrl()[pri:0, instance:com.testNG.Task73@5ddeb7cb]" started-at="2023-06-02T12:36:46Z" name="openUrl" finished-at="2023-06-02T12:36:59Z" duration-ms="13246" status="PASS">
          <reporter-output>
          </reporter-output>
        </test-method> <!-- openUrl -->
        <test-method signature="userPass()[pri:0, instance:com.testNG.Task73@5ddeb7cb]" started-at="2023-06-02T12:36:59Z" name="userPass" finished-at="2023-06-02T12:37:09Z" duration-ms="9344" status="PASS">
          <reporter-output>
          </reporter-output>
        </test-method> <!-- userPass -->
        <test-method is-config="true" signature="afterMethod()[pri:0, instance:com.testNG.Task73@5ddeb7cb]" started-at="2023-06-02T12:37:09Z" name="afterMethod" finished-at="2023-06-02T12:37:09Z" duration-ms="465" status="PASS">
          <reporter-output>
          </reporter-output>
        </test-method> <!-- afterMethod -->
      </class> <!-- com.testNG.Task73 -->
    </test> <!-- Default test -->
  </suite> <!-- Default suite -->
</testng-results>
